1549688304324	geckodriver	INFO	geckodriver 0.18.0
1549688304349	geckodriver	INFO	Listening on 127.0.0.1:53339
1549688305646	geckodriver::marionette	INFO	Starting browser base/firefox/firefox with args ["-marionette"]
1549688308498	Marionette	INFO	Listening on port 40139
1549688308918	Marionette	WARN	TLS certificate errors will be ignored for this session

###!!! [Child][MessageChannel] Error: (msgtype=0xE00003,name=PTexture::Msg_Destroy) Channel error: cannot send/recv


###!!! [Child][MessageChannel] Error: (msgtype=0xE00003,name=PTexture::Msg_Destroy) Channel error: cannot send/recv


###!!! [Child][MessageChannel] Error: (msgtype=0x3E0003,name=PCompositable::Msg_Destroy) Channel error: cannot send/recv


###!!! [Child][MessageChannel] Error: (msgtype=0xE00003,name=PTexture::Msg_Destroy) Channel error: cannot send/recv


###!!! [Child][MessageChannel] Error: (msgtype=0xE00003,name=PTexture::Msg_Destroy) Channel error: cannot send/recv


###!!! [Child][MessageChannel] Error: (msgtype=0x3E0003,name=PCompositable::Msg_Destroy) Channel error: cannot send/recv


###!!! [Child][MessageChannel] Error: (msgtype=0xE00003,name=PTexture::Msg_Destroy) Channel error: cannot send/recv


###!!! [Child][MessageChannel] Error: (msgtype=0xE00003,name=PTexture::Msg_Destroy) Channel error: cannot send/recv


###!!! [Child][MessageChannel] Error: (msgtype=0x3E0003,name=PCompositable::Msg_Destroy) Channel error: cannot send/recv


###!!! [Child][MessageChannel] Error: (msgtype=0xE00003,name=PTexture::Msg_Destroy) Channel error: cannot send/recv


###!!! [Child][MessageChannel] Error: (msgtype=0xE00003,name=PTexture::Msg_Destroy) Channel error: cannot send/recv


###!!! [Child][MessageChannel] Error: (msgtype=0x3E0003,name=PCompositable::Msg_Destroy) Channel error: cannot send/recv


###!!! [Child][MessageChannel] Error: (msgtype=0x3E0003,name=PCompositable::Msg_Destroy) Channel error: cannot send/recv


###!!! [Child][MessageChannel] Error: (msgtype=0xE00003,name=PTexture::Msg_Destroy) Channel error: cannot send/recv


###!!! [Child][MessageChannel] Error: (msgtype=0xE00003,name=PTexture::Msg_Destroy) Channel error: cannot send/recv


###!!! [Child][MessageChannel] Error: (msgtype=0x3E0003,name=PCompositable::Msg_Destroy) Channel error: cannot send/recv


###!!! [Child][MessageChannel] Error: (msgtype=0xE00003,name=PTexture::Msg_Destroy) Channel error: cannot send/recv


###!!! [Child][MessageChannel] Error: (msgtype=0xE00003,name=PTexture::Msg_Destroy) Channel error: cannot send/recv


###!!! [Child][MessageChannel] Error: (msgtype=0x3E0003,name=PCompositable::Msg_Destroy) Channel error: cannot send/recv

[GFX1-]: Receive IPC close with reason=AbnormalShutdown
[Child 10519] ###!!! ABORT: Aborting on channel error.: file /builds/slave/m-esr52-l64-000000000000000000/build/src/ipc/glue/MessageChannel.cpp, line 2152
[Child 10519] ###!!! ABORT: Aborting on channel error.: file /builds/slave/m-esr52-l64-000000000000000000/build/src/ipc/glue/MessageChannel.cpp, line 2152
1549688518997	geckodriver	INFO	geckodriver 0.18.0
1549688519012	geckodriver	INFO	Listening on 127.0.0.1:50009
1549688520226	geckodriver::marionette	INFO	Starting browser base/firefox/firefox with args ["-marionette"]
1549688522204	Marionette	INFO	Listening on port 44005
1549688522460	Marionette	WARN	TLS certificate errors will be ignored for this session
[Child 10688] WARNING: pipe error (14): Conexión reinicializada por la máquina remota: file /builds/slave/m-esr52-l64-000000000000000000/build/src/ipc/chromium/src/chrome/common/ipc_channel_posix.cc, line 322
[Child 10688] WARNING: pipe error (3): Conexión reinicializada por la máquina remota: file /builds/slave/m-esr52-l64-000000000000000000/build/src/ipc/chromium/src/chrome/common/ipc_channel_posix.cc, line 322
[Child 10688] ###!!! ABORT: Aborting on channel error.: file /builds/slave/m-esr52-l64-000000000000000000/build/src/ipc/glue/MessageChannel.cpp, line 2152
[Child 10688] ###!!! ABORT: Aborting on channel error.: file /builds/slave/m-esr52-l64-000000000000000000/build/src/ipc/glue/MessageChannel.cpp, line 2152
1549688537686	geckodriver	INFO	geckodriver 0.18.0
1549688537692	geckodriver	INFO	Listening on 127.0.0.1:39607
1549688538894	geckodriver::marionette	INFO	Starting browser base/firefox/firefox with args ["-marionette"]
1549688541228	Marionette	INFO	Listening on port 38849
1549688541488	Marionette	WARN	TLS certificate errors will be ignored for this session
[Child 10816] WARNING: pipe error (3): Conexión reinicializada por la máquina remota: file /builds/slave/m-esr52-l64-000000000000000000/build/src/ipc/chromium/src/chrome/common/ipc_channel_posix.cc, line 322
[Child 10816] ###!!! ABORT: Aborting on channel error.: file /builds/slave/m-esr52-l64-000000000000000000/build/src/ipc/glue/MessageChannel.cpp, line 2152
[Child 10816] ###!!! ABORT: Aborting on channel error.: file /builds/slave/m-esr52-l64-000000000000000000/build/src/ipc/glue/MessageChannel.cpp, line 2152

###!!! [Child][MessageChannel] Error: (msgtype=0xE00003,name=PTexture::Msg_Destroy) Channel error: cannot send/recv


###!!! [Child][MessageChannel] Error: (msgtype=0xE00003,name=PTexture::Msg_Destroy) Channel error: cannot send/recv


###!!! [Child][MessageChannel] Error: (msgtype=0x3E0003,name=PCompositable::Msg_Destroy) Channel error: cannot send/recv


###!!! [Child][MessageChannel] Error: (msgtype=0xE00003,name=PTexture::Msg_Destroy) Channel error: cannot send/recv


###!!! [Child][MessageChannel] Error: (msgtype=0xE00003,name=PTexture::Msg_Destroy) Channel error: cannot send/recv


###!!! [Child][MessageChannel] Error: (msgtype=0x3E0003,name=PCompositable::Msg_Destroy) Channel error: cannot send/recv


###!!! [Child][MessageChannel] Error: (msgtype=0xE00003,name=PTexture::Msg_Destroy) Channel error: cannot send/recv


###!!! [Child][MessageChannel] Error: (msgtype=0xE00003,name=PTexture::Msg_Destroy) Channel error: cannot send/recv


###!!! [Child][MessageChannel] Error: (msgtype=0x3E0003,name=PCompositable::Msg_Destroy) Channel error: cannot send/recv


###!!! [Child][MessageChannel] Error: (msgtype=0x3E0003,name=PCompositable::Msg_Destroy) Channel error: cannot send/recv


###!!! [Child][MessageChannel] Error: (msgtype=0xE00003,name=PTexture::Msg_Destroy) Channel error: cannot send/recv


###!!! [Child][MessageChannel] Error: (msgtype=0xE00003,name=PTexture::Msg_Destroy) Channel error: cannot send/recv


###!!! [Child][MessageChannel] Error: (msgtype=0x3E0003,name=PCompositable::Msg_Destroy) Channel error: cannot send/recv


###!!! [Child][MessageChannel] Error: (msgtype=0xE00003,name=PTexture::Msg_Destroy) Channel error: cannot send/recv


###!!! [Child][MessageChannel] Error: (msgtype=0xE00003,name=PTexture::Msg_Destroy) Channel error: cannot send/recv


###!!! [Child][MessageChannel] Error: (msgtype=0x3E0003,name=PCompositable::Msg_Destroy) Channel error: cannot send/recv


###!!! [Child][MessageChannel] Error: (msgtype=0xE00003,name=PTexture::Msg_Destroy) Channel error: cannot send/recv


###!!! [Child][MessageChannel] Error: (msgtype=0xE00003,name=PTexture::Msg_Destroy) Channel error: cannot send/recv


###!!! [Child][MessageChannel] Error: (msgtype=0x3E0003,name=PCompositable::Msg_Destroy) Channel error: cannot send/recv

1559021822710	geckodriver	INFO	geckodriver 0.18.0
1559021822752	geckodriver	INFO	Listening on 127.0.0.1:37411
1559021823930	geckodriver::marionette	INFO	Starting browser base/firefox/firefox with args ["-marionette"]
1559021828666	Marionette	INFO	Listening on port 39943
1559021829266	Marionette	WARN	TLS certificate errors will be ignored for this session
[Child 2006] ###!!! ABORT: Aborting on channel error.: file /builds/slave/m-esr52-l64-000000000000000000/build/src/ipc/glue/MessageChannel.cpp, line 2152
[Child 2006] ###!!! ABORT: Aborting on channel error.: file /builds/slave/m-esr52-l64-000000000000000000/build/src/ipc/glue/MessageChannel.cpp, line 2152

###!!! [Child][MessageChannel] Error: (msgtype=0xE00003,name=PTexture::Msg_Destroy) Channel error: cannot send/recv


###!!! [Child][MessageChannel] Error: (msgtype=0xE00003,name=PTexture::Msg_Destroy) Channel error: cannot send/recv


###!!! [Child][MessageChannel] Error: (msgtype=0x3E0003,name=PCompositable::Msg_Destroy) Channel error: cannot send/recv


###!!! [Child][MessageChannel] Error: (msgtype=0xE00003,name=PTexture::Msg_Destroy) Channel error: cannot send/recv


###!!! [Child][MessageChannel] Error: (msgtype=0xE00003,name=PTexture::Msg_Destroy) Channel error: cannot send/recv


###!!! [Child][MessageChannel] Error: (msgtype=0x3E0003,name=PCompositable::Msg_Destroy) Channel error: cannot send/recv


###!!! [Child][MessageChannel] Error: (msgtype=0xE00003,name=PTexture::Msg_Destroy) Channel error: cannot send/recv


###!!! [Child][MessageChannel] Error: (msgtype=0xE00003,name=PTexture::Msg_Destroy) Channel error: cannot send/recv


###!!! [Child][MessageChannel] Error: (msgtype=0x3E0003,name=PCompositable::Msg_Destroy) Channel error: cannot send/recv


###!!! [Child][MessageChannel] Error: (msgtype=0xE00003,name=PTexture::Msg_Destroy) Channel error: cannot send/recv


###!!! [Child][MessageChannel] Error: (msgtype=0xE00003,name=PTexture::Msg_Destroy) Channel error: cannot send/recv


###!!! [Child][MessageChannel] Error: (msgtype=0x3E0003,name=PCompositable::Msg_Destroy) Channel error: cannot send/recv


###!!! [Child][MessageChannel] Error: (msgtype=0x3E0003,name=PCompositable::Msg_Destroy) Channel error: cannot send/recv


###!!! [Child][MessageChannel] Error: (msgtype=0xE00003,name=PTexture::Msg_Destroy) Channel error: cannot send/recv


###!!! [Child][MessageChannel] Error: (msgtype=0xE00003,name=PTexture::Msg_Destroy) Channel error: cannot send/recv


###!!! [Child][MessageChannel] Error: (msgtype=0x3E0003,name=PCompositable::Msg_Destroy) Channel error: cannot send/recv


###!!! [Child][MessageChannel] Error: (msgtype=0xE00003,name=PTexture::Msg_Destroy) Channel error: cannot send/recv


###!!! [Child][MessageChannel] Error: (msgtype=0xE00003,name=PTexture::Msg_Destroy) Channel error: cannot send/recv


###!!! [Child][MessageChannel] Error: (msgtype=0x3E0003,name=PCompositable::Msg_Destroy) Channel error: cannot send/recv

